<?xml version="1.0" encoding="UTF-8"?>
<testsuite xmlns:xsi="http://www.w3.org/2001/XMLSchema-instance" xsi:noNamespaceSchemaLocation="https://maven.apache.org/surefire/maven-surefire-plugin/xsd/surefire-test-report-3.0.xsd" version="3.0" name="org.example.TestRunner" time="18.916" tests="2" errors="2" skipped="0" failures="0">
  <properties>
[...]
</properties>
  <testcase name="Добавить обычный фрукт" classname="Добавление товара в таблицу" time="11.733">
    <error message="Не удалось создать драйвер [CHROME]" type="ru.ibsqa.chameleon.selenium.driver.exceptions.NoSupportedDriverException"><![CDATA[ru.ibsqa.chameleon.selenium.driver.exceptions.NoSupportedDriverException: Не удалось создать драйвер [CHROME]
	at ru.ibsqa.chameleon.selenium.driver.WebDriverFactory.newInstance(WebDriverFactory.java:92)
	at ru.ibsqa.chameleon.selenium.driver.WebDriverFactory.newInstance(WebDriverFactory.java:52)
	at ru.ibsqa.chameleon.selenium.driver.AbstractDriverFactory.newInstance(AbstractDriverFactory.java:28)
	at ru.ibsqa.chameleon.selenium.driver.universal.UniversalDriverFactoryImpl.lambda$newInstance$2(UniversalDriverFactoryImpl.java:66)
	at java.base/java.util.stream.ReferencePipeline$3$1.accept(ReferencePipeline.java:197)
	at java.base/java.util.stream.SortedOps$RefSortingSink.end(SortedOps.java:400)
	at java.base/java.util.stream.Sink$ChainedReference.end(Sink.java:258)
	at java.base/java.util.stream.AbstractPipeline.copyIntoWithCancel(AbstractPipeline.java:528)
	at java.base/java.util.stream.AbstractPipeline.copyInto(AbstractPipeline.java:513)
	at java.base/java.util.stream.AbstractPipeline.wrapAndCopyInto(AbstractPipeline.java:499)
	at java.base/java.util.stream.FindOps$FindOp.evaluateSequential(FindOps.java:150)
	at java.base/java.util.stream.AbstractPipeline.evaluate(AbstractPipeline.java:234)
	at java.base/java.util.stream.ReferencePipeline.findFirst(ReferencePipeline.java:647)
	at ru.ibsqa.chameleon.selenium.driver.universal.UniversalDriverFactoryImpl.newInstance(UniversalDriverFactoryImpl.java:73)
	at ru.ibsqa.chameleon.selenium.driver.WebDriverFacade.newProxyDriver(WebDriverFacade.java:129)
	at ru.ibsqa.chameleon.selenium.driver.WebDriverFacade.getWrappedDriver(WebDriverFacade.java:89)
	at ru.ibsqa.chameleon.selenium.driver.WebDriverFacade.getScreenshotAs(WebDriverFacade.java:254)
	at ru.ibsqa.chameleon.steps.DefaultScreenshotSteps.takeWebDriverSimpleScreenshot(DefaultScreenshotSteps.java:73)
	at ru.ibsqa.chameleon.steps.DefaultScreenshotSteps.lambda$takeScreenshotToReport$1(DefaultScreenshotSteps.java:58)
	at ru.ibsqa.chameleon.steps.DefaultScreenshotSteps.addScreenshot(DefaultScreenshotSteps.java:139)
	at ru.ibsqa.chameleon.steps.DefaultScreenshotSteps.takeScreenshotToReport(DefaultScreenshotSteps.java:58)
	at ru.ibsqa.chameleon.steps.ScreenshotManagerImpl.takeScreenshotToReport(ScreenshotManagerImpl.java:43)
	at ru.ibsqa.chameleon.reporter.StepListenerScreenshotImpl.stepAfterThrowing(StepListenerScreenshotImpl.java:63)
	at ru.ibsqa.chameleon.steps.aspect.StepListenerManagerImpl.lambda$stepAfterThrowing$4(StepListenerManagerImpl.java:105)
	at java.base/java.util.ArrayList.forEach(ArrayList.java:1511)
	at ru.ibsqa.chameleon.steps.aspect.StepListenerManagerImpl.stepAfterThrowing(StepListenerManagerImpl.java:105)
	at ru.ibsqa.chameleon.steps.aspect.CucumberAspectSteps.stepNonUIBddAfterThrowing(CucumberAspectSteps.java:129)
	at ru.ibsqa.chameleon.steps.PageStorySteps.stepLoadedPage(PageStorySteps.java:41)
	at ✽.страница "Главная страница" загружена(file:///Users/dmitrijnajdenov/Desktop/untitled3/src/test/resources/features/%D0%94%D0%BE%D0%B1%D0%B0%D0%B2%D0%BB%D0%B5%D0%BD%D0%B8%D0%B5%20%D1%82%D0%BE%D0%B2%D0%B0%D1%80%D0%B0%20%D0%B2%20%D1%82%D0%B0%D0%B1%D0%BB%D0%B8%D1%86%D1%83.feature:13)
]]></error>
    <system-out><![CDATA[
Сценарий: Добавить обычный фрукт                                              &amp#27;[90m# src/test/resources/features/Добавление товара в таблицу.feature:11&amp#27;[0m
  &amp#27;[31m* &amp#27;[0m&amp#27;[31mстраница "&amp#27;[0m&amp#27;[31m&amp#27;[1mГлавная страница&amp#27;[0m&amp#27;[31m" загружена&amp#27;[0m                                     &amp#27;[90m# ru.ibsqa.chameleon.steps.PageStorySteps.stepLoadedPage(java.lang.String)&amp#27;[0m
      &amp#27;[31mru.ibsqa.chameleon.selenium.driver.exceptions.NoSupportedDriverException: Не удалось создать драйвер [CHROME]
	at ru.ibsqa.chameleon.selenium.driver.WebDriverFactory.newInstance(WebDriverFactory.java:92)
	at ru.ibsqa.chameleon.selenium.driver.WebDriverFactory.newInstance(WebDriverFactory.java:52)
	at ru.ibsqa.chameleon.selenium.driver.AbstractDriverFactory.newInstance(AbstractDriverFactory.java:28)
	at ru.ibsqa.chameleon.selenium.driver.universal.UniversalDriverFactoryImpl.lambda$newInstance$2(UniversalDriverFactoryImpl.java:66)
	at java.base/java.util.stream.ReferencePipeline$3$1.accept(ReferencePipeline.java:197)
	at java.base/java.util.stream.SortedOps$RefSortingSink.end(SortedOps.java:400)
	at java.base/java.util.stream.Sink$ChainedReference.end(Sink.java:258)
	at java.base/java.util.stream.AbstractPipeline.copyIntoWithCancel(AbstractPipeline.java:528)
	at java.base/java.util.stream.AbstractPipeline.copyInto(AbstractPipeline.java:513)
	at java.base/java.util.stream.AbstractPipeline.wrapAndCopyInto(AbstractPipeline.java:499)
	at java.base/java.util.stream.FindOps$FindOp.evaluateSequential(FindOps.java:150)
	at java.base/java.util.stream.AbstractPipeline.evaluate(AbstractPipeline.java:234)
	at java.base/java.util.stream.ReferencePipeline.findFirst(ReferencePipeline.java:647)
	at ru.ibsqa.chameleon.selenium.driver.universal.UniversalDriverFactoryImpl.newInstance(UniversalDriverFactoryImpl.java:73)
	at ru.ibsqa.chameleon.selenium.driver.WebDriverFacade.newProxyDriver(WebDriverFacade.java:129)
	at ru.ibsqa.chameleon.selenium.driver.WebDriverFacade.getWrappedDriver(WebDriverFacade.java:89)
	at ru.ibsqa.chameleon.selenium.driver.WebDriverFacade.getScreenshotAs(WebDriverFacade.java:254)
	at ru.ibsqa.chameleon.steps.DefaultScreenshotSteps.takeWebDriverSimpleScreenshot(DefaultScreenshotSteps.java:73)
	at ru.ibsqa.chameleon.steps.DefaultScreenshotSteps.lambda$takeScreenshotToReport$1(DefaultScreenshotSteps.java:58)
	at ru.ibsqa.chameleon.steps.DefaultScreenshotSteps.addScreenshot(DefaultScreenshotSteps.java:139)
	at ru.ibsqa.chameleon.steps.DefaultScreenshotSteps.takeScreenshotToReport(DefaultScreenshotSteps.java:58)
	at ru.ibsqa.chameleon.steps.ScreenshotManagerImpl.takeScreenshotToReport(ScreenshotManagerImpl.java:43)
	at ru.ibsqa.chameleon.reporter.StepListenerScreenshotImpl.stepAfterThrowing(StepListenerScreenshotImpl.java:63)
	at ru.ibsqa.chameleon.steps.aspect.StepListenerManagerImpl.lambda$stepAfterThrowing$4(StepListenerManagerImpl.java:105)
	at java.base/java.util.ArrayList.forEach(ArrayList.java:1511)
	at ru.ibsqa.chameleon.steps.aspect.StepListenerManagerImpl.stepAfterThrowing(StepListenerManagerImpl.java:105)
	at ru.ibsqa.chameleon.steps.aspect.CucumberAspectSteps.stepNonUIBddAfterThrowing(CucumberAspectSteps.java:129)
	at ru.ibsqa.chameleon.steps.PageStorySteps.stepLoadedPage(PageStorySteps.java:41)
	at ✽.страница "Главная страница" загружена(file:///Users/dmitrijnajdenov/Desktop/untitled3/src/test/resources/features/%D0%94%D0%BE%D0%B1%D0%B0%D0%B2%D0%BB%D0%B5%D0%BD%D0%B8%D0%B5%20%D1%82%D0%BE%D0%B2%D0%B0%D1%80%D0%B0%20%D0%B2%20%D1%82%D0%B0%D0%B1%D0%BB%D0%B8%D1%86%D1%83.feature:13)
&amp#27;[0m
  &amp#27;[36m* &amp#27;[0m&amp#27;[36mвыполнено нажатие на "&amp#27;[0m&amp#27;[36m&amp#27;[1mПесочница&amp#27;[0m&amp#27;[36m"&amp#27;[0m                                          &amp#27;[90m# ru.ibsqa.chameleon.steps.SeleniumFieldStorySteps.stepClickField(java.lang.String)&amp#27;[0m
  &amp#27;[36m* &amp#27;[0m&amp#27;[36mнажатием на кнопку "&amp#27;[0m&amp#27;[36m&amp#27;[1mТовары&amp#27;[0m&amp#27;[36m" загружена страница "&amp#27;[0m&amp#27;[36m&amp#27;[1mПродукты&amp#27;[0m&amp#27;[36m"&amp#27;[0m                 &amp#27;[90m# ru.ibsqa.chameleon.steps.SeleniumFieldStorySteps.stepClickFieldAndPageLoaded(java.lang.String,java.lang.String)&amp#27;[0m
  &amp#27;[36m* &amp#27;[0m&amp#27;[36mнажатием на кнопку "&amp#27;[0m&amp#27;[36m&amp#27;[1mДобавить&amp#27;[0m&amp#27;[36m" загружена страница "&amp#27;[0m&amp#27;[36m&amp#27;[1mОкно добавления товара&amp#27;[0m&amp#27;[36m"&amp#27;[0m &amp#27;[90m# ru.ibsqa.chameleon.steps.SeleniumFieldStorySteps.stepClickFieldAndPageLoaded(java.lang.String,java.lang.String)&amp#27;[0m
  &amp#27;[36m* &amp#27;[0m&amp#27;[36mзаполняются поля:&amp#27;[0m                                                         &amp#27;[90m# ru.ibsqa.chameleon.steps.CoreFieldStorySteps.stepFillFields(java.util.List<ru.ibsqa.chameleon.converters.FieldValueTable>)&amp#27;[0m
    | field        | value           |
    | Наименование | #{Наименование} |
    | Тип          | #{Тип}          |
  &amp#27;[36m* &amp#27;[0m&amp#27;[36mвыполнено нажатие на "&amp#27;[0m&amp#27;[36m&amp#27;[1m Экзотический&amp#27;[0m&amp#27;[36m"&amp#27;[0m                                      &amp#27;[90m# ru.ibsqa.chameleon.steps.SeleniumFieldStorySteps.stepClickField(java.lang.String)&amp#27;[0m
  &amp#27;[36m* &amp#27;[0m&amp#27;[36mнажатием на кнопку "&amp#27;[0m&amp#27;[36m&amp#27;[1mСохранить&amp#27;[0m&amp#27;[36m" загружена страница "&amp#27;[0m&amp#27;[36m&amp#27;[1mПродукты&amp#27;[0m&amp#27;[36m"&amp#27;[0m              &amp#27;[90m# ru.ibsqa.chameleon.steps.SeleniumFieldStorySteps.stepClickFieldAndPageLoaded(java.lang.String,java.lang.String)&amp#27;[0m
  &amp#27;[36m* &amp#27;[0m&amp#27;[36mожидается элемент коллекции "&amp#27;[0m&amp#27;[36m&amp#27;[1mТаблица&amp#27;[0m&amp#27;[36m" в течение "&amp#27;[0m&amp#27;[36m&amp#27;[1m5&amp#27;[0m&amp#27;[36m" секунд с параметрами:&amp#27;[0m &amp#27;[90m# ru.ibsqa.chameleon.steps.CollectionStorySteps.stepWaitCollectionByConditions(java.lang.String,java.lang.String,java.util.List<ru.ibsqa.chameleon.converters.FieldOperatorValueTable>)&amp#27;[0m
    | field        | value           |
    | Наименование | #{Наименование} |
    | Тип          | #{Тип}          |
  &amp#27;[36m* &amp#27;[0m&amp#27;[36mколичество элементов коллекции "&amp#27;[0m&amp#27;[36m&amp#27;[1mТаблица&amp#27;[0m&amp#27;[36m" &amp#27;[0m&amp#27;[36m&amp#27;[1mравно&amp#27;[0m&amp#27;[36m "&amp#27;[0m&amp#27;[36m&amp#27;[1m5&amp#27;[0m&amp#27;[36m"&amp#27;[0m                        &amp#27;[90m# ru.ibsqa.chameleon.steps.CollectionStorySteps.stepCheckItemCount(java.lang.String,java.lang.String,java.lang.String)&amp#27;[0m
]]></system-out>
    <system-err><![CDATA[SLF4J: No SLF4J providers were found.
SLF4J: Defaulting to no-operation (NOP) logger implementation
SLF4J: See https://www.slf4j.org/codes.html#noProviders for further details.
Starting ChromeDriver 114.0.5735.90 (386bc09e8f4f2e025eddae123f36f6263096ae49-refs/branch-heads/5735@{#1052}) on port 31171
Only local connections are allowed.
Please see https://chromedriver.chromium.org/security-considerations for suggestions on keeping ChromeDriver safe.
ChromeDriver was started successfully.
Starting ChromeDriver 114.0.5735.90 (386bc09e8f4f2e025eddae123f36f6263096ae49-refs/branch-heads/5735@{#1052}) on port 18747
Only local connections are allowed.
Please see https://chromedriver.chromium.org/security-considerations for suggestions on keeping ChromeDriver safe.
ChromeDriver was started successfully.
]]></system-err>
  </testcase>
  <testcase name="Добавляем товар в БД и просматриваем ее содержимое" classname="Работа БД при добавлении товара" time="5.564">
    <error message="Не удалось создать драйвер [CHROME]" type="ru.ibsqa.chameleon.selenium.driver.exceptions.NoSupportedDriverException"><![CDATA[ru.ibsqa.chameleon.selenium.driver.exceptions.NoSupportedDriverException: Не удалось создать драйвер [CHROME]
	at ru.ibsqa.chameleon.selenium.driver.WebDriverFactory.newInstance(WebDriverFactory.java:92)
	at ru.ibsqa.chameleon.selenium.driver.WebDriverFactory.newInstance(WebDriverFactory.java:52)
	at ru.ibsqa.chameleon.selenium.driver.AbstractDriverFactory.newInstance(AbstractDriverFactory.java:28)
	at ru.ibsqa.chameleon.selenium.driver.universal.UniversalDriverFactoryImpl.lambda$newInstance$2(UniversalDriverFactoryImpl.java:66)
	at java.base/java.util.stream.ReferencePipeline$3$1.accept(ReferencePipeline.java:197)
	at java.base/java.util.stream.SortedOps$RefSortingSink.end(SortedOps.java:400)
	at java.base/java.util.stream.Sink$ChainedReference.end(Sink.java:258)
	at java.base/java.util.stream.AbstractPipeline.copyIntoWithCancel(AbstractPipeline.java:528)
	at java.base/java.util.stream.AbstractPipeline.copyInto(AbstractPipeline.java:513)
	at java.base/java.util.stream.AbstractPipeline.wrapAndCopyInto(AbstractPipeline.java:499)
	at java.base/java.util.stream.FindOps$FindOp.evaluateSequential(FindOps.java:150)
	at java.base/java.util.stream.AbstractPipeline.evaluate(AbstractPipeline.java:234)
	at java.base/java.util.stream.ReferencePipeline.findFirst(ReferencePipeline.java:647)
	at ru.ibsqa.chameleon.selenium.driver.universal.UniversalDriverFactoryImpl.newInstance(UniversalDriverFactoryImpl.java:73)
	at ru.ibsqa.chameleon.selenium.driver.WebDriverFacade.newProxyDriver(WebDriverFacade.java:129)
	at ru.ibsqa.chameleon.selenium.driver.WebDriverFacade.getWrappedDriver(WebDriverFacade.java:89)
	at ru.ibsqa.chameleon.selenium.driver.WebDriverFacade.getScreenshotAs(WebDriverFacade.java:254)
	at ru.ibsqa.chameleon.steps.DefaultScreenshotSteps.takeWebDriverSimpleScreenshot(DefaultScreenshotSteps.java:73)
	at ru.ibsqa.chameleon.steps.DefaultScreenshotSteps.lambda$takeScreenshotToReport$1(DefaultScreenshotSteps.java:58)
	at ru.ibsqa.chameleon.steps.DefaultScreenshotSteps.addScreenshot(DefaultScreenshotSteps.java:139)
	at ru.ibsqa.chameleon.steps.DefaultScreenshotSteps.takeScreenshotToReport(DefaultScreenshotSteps.java:58)
	at ru.ibsqa.chameleon.steps.ScreenshotManagerImpl.takeScreenshotToReport(ScreenshotManagerImpl.java:43)
	at ru.ibsqa.chameleon.reporter.StepListenerScreenshotImpl.stepAfterThrowing(StepListenerScreenshotImpl.java:63)
	at ru.ibsqa.chameleon.steps.aspect.StepListenerManagerImpl.lambda$stepAfterThrowing$4(StepListenerManagerImpl.java:105)
	at java.base/java.util.ArrayList.forEach(ArrayList.java:1511)
	at ru.ibsqa.chameleon.steps.aspect.StepListenerManagerImpl.stepAfterThrowing(StepListenerManagerImpl.java:105)
	at ru.ibsqa.chameleon.steps.aspect.CucumberAspectSteps.stepNonUIBddAfterThrowing(CucumberAspectSteps.java:129)
	at ru.ibsqa.chameleon.steps.DbStorySteps.query(DbStorySteps.java:153)
	at ✽.к БД выполняется запрос "Добавление продукта" c параметрами:(file:///Users/dmitrijnajdenov/Desktop/untitled3/src/test/resources/features/%D0%A0%D0%B0%D0%B1%D0%BE%D1%82%D0%B0%20%D0%91%D0%94%20%D0%BF%D1%80%D0%B8%20%D0%B4%D0%BE%D0%B1%D0%B0%D0%B2%D0%BB%D0%B5%D0%BD%D0%B8%D0%B8%20%D1%82%D0%BE%D0%B2%D0%B0%D1%80%D0%B0.feature:13)
]]></error>
    <system-out><![CDATA[
Сценарий: Добавляем товар в БД и просматриваем ее содержимое     &amp#27;[90m# src/test/resources/features/Работа БД при добавлении товара.feature:7&amp#27;[0m
  &amp#27;[32m* &amp#27;[0m&amp#27;[32mк БД выполнено подключение "&amp#27;[0m&amp#27;[32m&amp#27;[1mH2&amp#27;[0m&amp#27;[32m" с параметрами:&amp#27;[0m               &amp#27;[90m# ru.ibsqa.chameleon.steps.DbStorySteps.connect(java.lang.String,java.util.List<ru.ibsqa.chameleon.converters.FieldValueTable>)&amp#27;[0m
    | field        | value |
    | Пользователь | user  |
    | Пароль       | pass  |
  &amp#27;[32m* &amp#27;[0m&amp#27;[32mк БД выполняется запрос "&amp#27;[0m&amp#27;[32m&amp#27;[1mПросмотр содержимого таблицы&amp#27;[0m&amp#27;[32m"&amp#27;[0m       &amp#27;[90m# ru.ibsqa.chameleon.steps.DbStorySteps.query(java.lang.String)&amp#27;[0m
  &amp#27;[31m* &amp#27;[0m&amp#27;[31mк БД выполняется запрос "&amp#27;[0m&amp#27;[31m&amp#27;[1mДобавление продукта&amp#27;[0m&amp#27;[31m" c параметрами:&amp#27;[0m &amp#27;[90m# ru.ibsqa.chameleon.steps.DbStorySteps.query(java.lang.String,java.util.List<ru.ibsqa.chameleon.converters.FieldValueTable>)&amp#27;[0m
    | field         | value     |
    | Идентификатор | 33        |
    | Имя           | Батат     |
    | Тип           | VEGETABLE |
    | Экзотический  | 1         |
      &amp#27;[31mru.ibsqa.chameleon.selenium.driver.exceptions.NoSupportedDriverException: Не удалось создать драйвер [CHROME]
	at ru.ibsqa.chameleon.selenium.driver.WebDriverFactory.newInstance(WebDriverFactory.java:92)
	at ru.ibsqa.chameleon.selenium.driver.WebDriverFactory.newInstance(WebDriverFactory.java:52)
	at ru.ibsqa.chameleon.selenium.driver.AbstractDriverFactory.newInstance(AbstractDriverFactory.java:28)
	at ru.ibsqa.chameleon.selenium.driver.universal.UniversalDriverFactoryImpl.lambda$newInstance$2(UniversalDriverFactoryImpl.java:66)
	at java.base/java.util.stream.ReferencePipeline$3$1.accept(ReferencePipeline.java:197)
	at java.base/java.util.stream.SortedOps$RefSortingSink.end(SortedOps.java:400)
	at java.base/java.util.stream.Sink$ChainedReference.end(Sink.java:258)
	at java.base/java.util.stream.AbstractPipeline.copyIntoWithCancel(AbstractPipeline.java:528)
	at java.base/java.util.stream.AbstractPipeline.copyInto(AbstractPipeline.java:513)
	at java.base/java.util.stream.AbstractPipeline.wrapAndCopyInto(AbstractPipeline.java:499)
	at java.base/java.util.stream.FindOps$FindOp.evaluateSequential(FindOps.java:150)
	at java.base/java.util.stream.AbstractPipeline.evaluate(AbstractPipeline.java:234)
	at java.base/java.util.stream.ReferencePipeline.findFirst(ReferencePipeline.java:647)
	at ru.ibsqa.chameleon.selenium.driver.universal.UniversalDriverFactoryImpl.newInstance(UniversalDriverFactoryImpl.java:73)
	at ru.ibsqa.chameleon.selenium.driver.WebDriverFacade.newProxyDriver(WebDriverFacade.java:129)
	at ru.ibsqa.chameleon.selenium.driver.WebDriverFacade.getWrappedDriver(WebDriverFacade.java:89)
	at ru.ibsqa.chameleon.selenium.driver.WebDriverFacade.getScreenshotAs(WebDriverFacade.java:254)
	at ru.ibsqa.chameleon.steps.DefaultScreenshotSteps.takeWebDriverSimpleScreenshot(DefaultScreenshotSteps.java:73)
	at ru.ibsqa.chameleon.steps.DefaultScreenshotSteps.lambda$takeScreenshotToReport$1(DefaultScreenshotSteps.java:58)
	at ru.ibsqa.chameleon.steps.DefaultScreenshotSteps.addScreenshot(DefaultScreenshotSteps.java:139)
	at ru.ibsqa.chameleon.steps.DefaultScreenshotSteps.takeScreenshotToReport(DefaultScreenshotSteps.java:58)
	at ru.ibsqa.chameleon.steps.ScreenshotManagerImpl.takeScreenshotToReport(ScreenshotManagerImpl.java:43)
	at ru.ibsqa.chameleon.reporter.StepListenerScreenshotImpl.stepAfterThrowing(StepListenerScreenshotImpl.java:63)
	at ru.ibsqa.chameleon.steps.aspect.StepListenerManagerImpl.lambda$stepAfterThrowing$4(StepListenerManagerImpl.java:105)
	at java.base/java.util.ArrayList.forEach(ArrayList.java:1511)
	at ru.ibsqa.chameleon.steps.aspect.StepListenerManagerImpl.stepAfterThrowing(StepListenerManagerImpl.java:105)
	at ru.ibsqa.chameleon.steps.aspect.CucumberAspectSteps.stepNonUIBddAfterThrowing(CucumberAspectSteps.java:129)
	at ru.ibsqa.chameleon.steps.DbStorySteps.query(DbStorySteps.java:153)
	at ✽.к БД выполняется запрос "Добавление продукта" c параметрами:(file:///Users/dmitrijnajdenov/Desktop/untitled3/src/test/resources/features/%D0%A0%D0%B0%D0%B1%D0%BE%D1%82%D0%B0%20%D0%91%D0%94%20%D0%BF%D1%80%D0%B8%20%D0%B4%D0%BE%D0%B1%D0%B0%D0%B2%D0%BB%D0%B5%D0%BD%D0%B8%D0%B8%20%D1%82%D0%BE%D0%B2%D0%B0%D1%80%D0%B0.feature:13)
&amp#27;[0m
]]></system-out>
    <system-err><![CDATA[Starting ChromeDriver 114.0.5735.90 (386bc09e8f4f2e025eddae123f36f6263096ae49-refs/branch-heads/5735@{#1052}) on port 26560
Only local connections are allowed.
Please see https://chromedriver.chromium.org/security-considerations for suggestions on keeping ChromeDriver safe.
ChromeDriver was started successfully.
Starting ChromeDriver 114.0.5735.90 (386bc09e8f4f2e025eddae123f36f6263096ae49-refs/branch-heads/5735@{#1052}) on port 12896
Only local connections are allowed.
Please see https://chromedriver.chromium.org/security-considerations for suggestions on keeping ChromeDriver safe.
ChromeDriver was started successfully.
]]></system-err>
  </testcase>
</testsuite>